<?xml version="1.0" encoding="UTF-8"?>
<!-- Generated by org.testng.reporters.JUnitReportReporter -->
<testsuite name="com.prac.base.baseClass" tests="1" time="0.000" ignored="2" failures="0" timestamp="26 Aug 2019 09:38:48 GMT" skipped="0" hostname="XO-QA-FC-063" errors="1">
  <testcase name="setUp" time="0.000" classname="com.prac.base.baseClass">
    <error type="org.openqa.selenium.SessionNotCreatedException" message="session not created: This version of ChromeDriver only supports Chrome version 77
Build info: version: &#039;3.141.59&#039;, revision: &#039;e82be7d358&#039;, time: &#039;2018-11-14T08:17:03&#039;
System info: host: &#039;XO-QA-FC-063&#039;, ip: &#039;10.110.43.56&#039;, os.name: &#039;Windows 7&#039;, os.arch: &#039;amd64&#039;, os.version: &#039;6.1&#039;, java.version: &#039;1.8.0_211&#039;
Driver info: driver.version: ChromeDriver
remote stacktrace: Backtrace:
	Ordinal0 [0x00F9EB13+1501971]
	Ordinal0 [0x00F1F6D1+980689]
	Ordinal0 [0x00EA765F+489055]
	Ordinal0 [0x00E3F2F4+62196]
	Ordinal0 [0x00E3BCDA+48346]
	Ordinal0 [0x00E59800+169984]
	Ordinal0 [0x00E5942D+169005]
	Ordinal0 [0x00E578EB+162027]
	Ordinal0 [0x00E40AC7+68295]
	Ordinal0 [0x00E41B40+72512]
	Ordinal0 [0x00E41AD9+72409]
	Ordinal0 [0x00F38F37+1085239]
	GetHandleVerifier [0x0103D7ED+503293]
	GetHandleVerifier [0x0103D580+502672]
	GetHandleVerifier [0x010446AC+531644]
	GetHandleVerifier [0x0103DFFA+505354]
	Ordinal0 [0x00F30606+1050118]
	Ordinal0 [0x00F3047F+1049727]
	Ordinal0 [0x00F3AF9B+1093531]
	Ordinal0 [0x00F3B103+1093891]
	Ordinal0 [0x00F3A095+1089685]
	BaseThreadInitThunk [0x74FB343D+18]
	RtlInitializeExceptionChain [0x77569802+99]
	RtlInitializeExceptionChain [0x775697D5+54]
">
      <![CDATA[org.openqa.selenium.SessionNotCreatedException: session not created: This version of ChromeDriver only supports Chrome version 77
Build info: version: '3.141.59', revision: 'e82be7d358', time: '2018-11-14T08:17:03'
System info: host: 'XO-QA-FC-063', ip: '10.110.43.56', os.name: 'Windows 7', os.arch: 'amd64', os.version: '6.1', java.version: '1.8.0_211'
Driver info: driver.version: ChromeDriver
remote stacktrace: Backtrace:
	Ordinal0 [0x00F9EB13+1501971]
	Ordinal0 [0x00F1F6D1+980689]
	Ordinal0 [0x00EA765F+489055]
	Ordinal0 [0x00E3F2F4+62196]
	Ordinal0 [0x00E3BCDA+48346]
	Ordinal0 [0x00E59800+169984]
	Ordinal0 [0x00E5942D+169005]
	Ordinal0 [0x00E578EB+162027]
	Ordinal0 [0x00E40AC7+68295]
	Ordinal0 [0x00E41B40+72512]
	Ordinal0 [0x00E41AD9+72409]
	Ordinal0 [0x00F38F37+1085239]
	GetHandleVerifier [0x0103D7ED+503293]
	GetHandleVerifier [0x0103D580+502672]
	GetHandleVerifier [0x010446AC+531644]
	GetHandleVerifier [0x0103DFFA+505354]
	Ordinal0 [0x00F30606+1050118]
	Ordinal0 [0x00F3047F+1049727]
	Ordinal0 [0x00F3AF9B+1093531]
	Ordinal0 [0x00F3B103+1093891]
	Ordinal0 [0x00F3A095+1089685]
	BaseThreadInitThunk [0x74FB343D+18]
	RtlInitializeExceptionChain [0x77569802+99]
	RtlInitializeExceptionChain [0x775697D5+54]

	at sun.reflect.NativeConstructorAccessorImpl.newInstance0(Native Method)
	at sun.reflect.NativeConstructorAccessorImpl.newInstance(Unknown Source)
	at sun.reflect.DelegatingConstructorAccessorImpl.newInstance(Unknown Source)
	at java.lang.reflect.Constructor.newInstance(Unknown Source)
	at org.openqa.selenium.remote.W3CHandshakeResponse.lambda$errorHandler$0(W3CHandshakeResponse.java:62)
	at org.openqa.selenium.remote.HandshakeResponse.lambda$getResponseFunction$0(HandshakeResponse.java:30)
	at org.openqa.selenium.remote.ProtocolHandshake.lambda$createSession$0(ProtocolHandshake.java:126)
	at java.util.stream.ReferencePipeline$3$1.accept(Unknown Source)
	at java.util.Spliterators$ArraySpliterator.tryAdvance(Unknown Source)
	at java.util.stream.ReferencePipeline.forEachWithCancel(Unknown Source)
	at java.util.stream.AbstractPipeline.copyIntoWithCancel(Unknown Source)
	at java.util.stream.AbstractPipeline.copyInto(Unknown Source)
	at java.util.stream.AbstractPipeline.wrapAndCopyInto(Unknown Source)
	at java.util.stream.FindOps$FindOp.evaluateSequential(Unknown Source)
	at java.util.stream.AbstractPipeline.evaluate(Unknown Source)
	at java.util.stream.ReferencePipeline.findFirst(Unknown Source)
	at org.openqa.selenium.remote.ProtocolHandshake.createSession(ProtocolHandshake.java:128)
	at org.openqa.selenium.remote.ProtocolHandshake.createSession(ProtocolHandshake.java:74)
	at org.openqa.selenium.remote.HttpCommandExecutor.execute(HttpCommandExecutor.java:136)
	at org.openqa.selenium.remote.service.DriverCommandExecutor.execute(DriverCommandExecutor.java:83)
	at org.openqa.selenium.remote.RemoteWebDriver.execute(RemoteWebDriver.java:552)
	at org.openqa.selenium.remote.RemoteWebDriver.startSession(RemoteWebDriver.java:213)
	at org.openqa.selenium.remote.RemoteWebDriver.<init>(RemoteWebDriver.java:131)
	at org.openqa.selenium.chrome.ChromeDriver.<init>(ChromeDriver.java:181)
	at org.openqa.selenium.chrome.ChromeDriver.<init>(ChromeDriver.java:168)
	at org.openqa.selenium.chrome.ChromeDriver.<init>(ChromeDriver.java:123)
	at com.prac.base.baseClass.setUp(baseClass.java:23)
	at sun.reflect.NativeMethodAccessorImpl.invoke0(Native Method)
	at sun.reflect.NativeMethodAccessorImpl.invoke(Unknown Source)
	at sun.reflect.DelegatingMethodAccessorImpl.invoke(Unknown Source)
	at java.lang.reflect.Method.invoke(Unknown Source)
	at org.testng.internal.MethodInvocationHelper.invokeMethod(MethodInvocationHelper.java:104)
	at org.testng.internal.Invoker.invokeConfigurationMethod(Invoker.java:515)
	at org.testng.internal.Invoker.invokeConfigurations(Invoker.java:217)
	at org.testng.internal.Invoker.invokeConfigurations(Invoker.java:144)
	at org.testng.SuiteRunner.privateRun(SuiteRunner.java:326)
	at org.testng.SuiteRunner.run(SuiteRunner.java:289)
	at org.testng.SuiteRunnerWorker.runSuite(SuiteRunnerWorker.java:52)
	at org.testng.SuiteRunnerWorker.run(SuiteRunnerWorker.java:86)
	at org.testng.TestNG.runSuitesSequentially(TestNG.java:1293)
	at org.testng.TestNG.runSuitesLocally(TestNG.java:1218)
	at org.testng.TestNG.runSuites(TestNG.java:1133)
	at org.testng.TestNG.run(TestNG.java:1104)
	at org.testng.remote.AbstractRemoteTestNG.run(AbstractRemoteTestNG.java:132)
	at org.testng.remote.RemoteTestNG.initAndRun(RemoteTestNG.java:230)
	at org.testng.remote.RemoteTestNG.main(RemoteTestNG.java:76)
]]>
    </error>
  </testcase> <!-- setUp -->
  <testcase name="quitDriver" classname="com.prac.base.baseClass">
    <skipped/>
  </testcase> <!-- quitDriver -->
  <testcase name="setUp" classname="com.prac.base.baseClass">
    <skipped/>
  </testcase> <!-- setUp -->
</testsuite> <!-- com.prac.base.baseClass -->
