<?xml version="1.0" encoding="UTF-8"?>
<!-- Generated by org.testng.reporters.JUnitXMLReporter -->
<testsuite hostname="EC2AMAZ-DNSAJIU" ignored="0" name="Test1" tests="5" failures="1" timestamp="2019-11-02T09:39:00 IST" time="55.529" errors="0">
  <testcase name="validateHomePageTitle" time="0.355" classname="com.prac.test.HomePageTest"/>
  <testcase name="verifyTopLinksHomePage" time="0.421" classname="com.prac.test.HomePageTest"/>
  <testcase name="validateSearchPageLinks" time="1.858" classname="com.prac.test.SearchPageTest"/>
  <testcase name="validateSearchPageLinks" time="2.105" classname="com.prac.test.SearchPageTest"/>
  <testcase name="validateFlightSearchFeature" time="10.635" classname="com.prac.test.FlightSearchPageTest">
    <failure type="org.openqa.selenium.ElementClickInterceptedException" message="element click intercepted: Element &amp;lt;input placeholder=&amp;quot;Where to?&amp;quot; data-placeholder=&amp;quot;Where to?&amp;quot; data-next-placeholder=&amp;quot;Where else?&amp;quot; tabindex=&amp;quot;0&amp;quot; type=&amp;quot;text&amp;quot; jstcache=&amp;quot;8879&amp;quot; class=&amp;quot;&amp;quot; aria-haspopup=&amp;quot;false&amp;quot; role=&amp;quot;combobox&amp;quot; aria-autocomplete=&amp;quot;list&amp;quot; style=&amp;quot;border: none; padding: 0px; margin: 0px; height: auto; width: 100%; outline: none;&amp;quot; dir=&amp;quot;ltr&amp;quot; autocomplete=&amp;quot;off&amp;quot; spellcheck=&amp;quot;false&amp;quot;&amp;gt; is not clickable at point (674, 460). Other element would receive the click: &amp;lt;div class=&amp;quot;gws-flights__glass-pane&amp;quot; id=&amp;quot;flt-glass&amp;quot; role=&amp;quot;presentation&amp;quot; tabindex=&amp;quot;-1&amp;quot; jsaction=&amp;quot;jsl._&amp;quot; jstcache=&amp;quot;4100&amp;quot; style=&amp;quot;display: block;&amp;quot;&amp;gt;&amp;lt;/div&amp;gt;
  (Session info: chrome=78.0.3904.87)
Build info: version: &amp;apos;3.141.59&amp;apos;, revision: &amp;apos;e82be7d358&amp;apos;, time: &amp;apos;2018-11-14T08:17:03&amp;apos;
System info: host: &amp;apos;EC2AMAZ-DNSAJIU&amp;apos;, ip: &amp;apos;10.64.33.66&amp;apos;, os.name: &amp;apos;Windows Server 2016&amp;apos;, os.arch: &amp;apos;amd64&amp;apos;, os.version: &amp;apos;10.0&amp;apos;, java.version: &amp;apos;1.8.0_201&amp;apos;
Driver info: org.openqa.selenium.chrome.ChromeDriver
Capabilities {acceptInsecureCerts: false, browserName: chrome, browserVersion: 78.0.3904.87, chrome: {chromedriverVersion: 78.0.3904.70 (edb9c9f3de024..., userDataDir: D:\Users\sjain2\AppData\Loc...}, goog:chromeOptions: {debuggerAddress: localhost:52232}, javascriptEnabled: true, networkConnectionEnabled: false, pageLoadStrategy: normal, platform: XP, platformName: XP, proxy: Proxy(), setWindowRect: true, strictFileInteractability: false, timeouts: {implicit: 0, pageLoad: 300000, script: 30000}, unhandledPromptBehavior: dismiss and notify}
Session ID: fcdd603049a8a21b08aaad6a8138301d">
      <![CDATA[org.openqa.selenium.ElementClickInterceptedException: element click intercepted: Element <input placeholder="Where to?" data-placeholder="Where to?" data-next-placeholder="Where else?" tabindex="0" type="text" jstcache="8879" class="" aria-haspopup="false" role="combobox" aria-autocomplete="list" style="border: none; padding: 0px; margin: 0px; height: auto; width: 100%; outline: none;" dir="ltr" autocomplete="off" spellcheck="false"> is not clickable at point (674, 460). Other element would receive the click: <div class="gws-flights__glass-pane" id="flt-glass" role="presentation" tabindex="-1" jsaction="jsl._" jstcache="4100" style="display: block;"></div>
  (Session info: chrome=78.0.3904.87)
Build info: version: '3.141.59', revision: 'e82be7d358', time: '2018-11-14T08:17:03'
System info: host: 'EC2AMAZ-DNSAJIU', ip: '10.64.33.66', os.name: 'Windows Server 2016', os.arch: 'amd64', os.version: '10.0', java.version: '1.8.0_201'
Driver info: org.openqa.selenium.chrome.ChromeDriver
Capabilities {acceptInsecureCerts: false, browserName: chrome, browserVersion: 78.0.3904.87, chrome: {chromedriverVersion: 78.0.3904.70 (edb9c9f3de024..., userDataDir: D:\Users\sjain2\AppData\Loc...}, goog:chromeOptions: {debuggerAddress: localhost:52232}, javascriptEnabled: true, networkConnectionEnabled: false, pageLoadStrategy: normal, platform: XP, platformName: XP, proxy: Proxy(), setWindowRect: true, strictFileInteractability: false, timeouts: {implicit: 0, pageLoad: 300000, script: 30000}, unhandledPromptBehavior: dismiss and notify}
Session ID: fcdd603049a8a21b08aaad6a8138301d
at org.openqa.selenium.remote.http.W3CHttpResponseCodec.createException(W3CHttpResponseCodec.java:187)
at org.openqa.selenium.remote.http.W3CHttpResponseCodec.decode(W3CHttpResponseCodec.java:122)
at org.openqa.selenium.remote.http.W3CHttpResponseCodec.decode(W3CHttpResponseCodec.java:49)
at org.openqa.selenium.remote.HttpCommandExecutor.execute(HttpCommandExecutor.java:158)
at org.openqa.selenium.remote.service.DriverCommandExecutor.execute(DriverCommandExecutor.java:83)
at org.openqa.selenium.remote.RemoteWebDriver.execute(RemoteWebDriver.java:552)
at org.openqa.selenium.remote.RemoteWebElement.execute(RemoteWebElement.java:285)
at org.openqa.selenium.remote.RemoteWebElement.click(RemoteWebElement.java:84)
at org.openqa.selenium.support.pagefactory.internal.LocatingElementHandler.invoke(LocatingElementHandler.java:51)
at com.sun.proxy.$Proxy14.click(Unknown Source)
at com.prac.utils.Actions.ActionsUtils.clearAndTypeTextField(ActionsUtils.java:36)
at com.prac.pageObjects.FlightSearchPage.enterOneWayFlightSearchDataAndSearch(FlightSearchPage.java:99)
at com.prac.test.FlightSearchPageTest.validateFlightSearchFeature(FlightSearchPageTest.java:51)
at java.util.ArrayList.forEach(Unknown Source)
... Removed 35 stack frames]]>
    </failure>
  </testcase> <!-- validateFlightSearchFeature -->
</testsuite> <!-- Test1 -->
